<?xml version="1.0" encoding="UTF-8"?>
<!-- Generated by org.testng.reporters.JUnitXMLReporter -->
<testsuite hostname="DESKTOP-3R73L8V" ignored="0" name="TC_AddCustomerTest_003" tests="4" failures="1" timestamp="2020-08-15T07:34:11 IST" time="140.753" errors="0">
  <testcase name="loginTest" time="90.831" classname="com.nopcommerce.testCases.TC_LoginTest_001">
    <failure type="java.lang.AssertionError" message="expected [true] but found [false]">
      <![CDATA[java.lang.AssertionError: expected [true] but found [false]
at com.nopcommerce.testCases.TC_LoginTest_001.loginTest(TC_LoginTest_001.java:40)
at java.util.ArrayList.forEach(ArrayList.java:1257)
at java.util.concurrent.FutureTask.run(FutureTask.java:266)
at java.util.concurrent.ThreadPoolExecutor.runWorker(ThreadPoolExecutor.java:1149)
at java.util.concurrent.ThreadPoolExecutor$Worker.run(ThreadPoolExecutor.java:624)
at java.lang.Thread.run(Thread.java:748)
... Removed 22 stack frames]]>
    </failure>
  </testcase> <!-- loginTest -->
  <testcase name="searchCustomerbyEmail" time="111.964" classname="com.nopcommerce.testCases.TC_SearchCustomerByEmail_004"/>
  <testcase name="searchCustomerbyName" time="112.491" classname="com.nopcommerce.testCases.TC_SearchCustomerByName_005"/>
  <testcase name="addNewCustomer" time="126.873" classname="com.nopcommerce.testCases.TC_AddCustomerTest_003"/>
</testsuite> <!-- TC_AddCustomerTest_003 -->
